[34m[INFO][0;39m - [2019-02-20 14:07:33,294] - [edu.hcu.pagination.RestServicesTest$$anon$1] Request Json {"content":"This is test case data","time":"11 AM"}
[34m[INFO][0;39m - [2019-02-20 14:07:34,180] - [edu.hcu.pagination.RestServicesTest$$anon$1] Request Json {"content":"This content is for update test case","time":"12 AM","id": 1}
[34m[INFO][0;39m - [2019-02-20 14:07:34,252] - [edu.hcu.pagination.RestServicesTest$$anon$1] Request id 1
[34m[INFO][0;39m - [2019-02-20 14:07:34,291] - [edu.hcu.pagination.RestServicesTest$$anon$1] All pdf data...
[34m[INFO][0;39m - [2019-02-20 14:07:34,300] - [edu.hcu.pagination.RestServicesTest$$anon$1] All pdf data...
[34m[INFO][0;39m - [2019-02-20 14:08:15,537] - [edu.hcu.pagination.RestServicesTest$$anon$1] Request Json {"content":"This is test case data","time":"11 AM"}
[34m[INFO][0;39m - [2019-02-20 14:08:16,393] - [edu.hcu.pagination.RestServicesTest$$anon$1] Request Json {"content":"This content is for update test case","time":"12 AM","id": 1}
[34m[INFO][0;39m - [2019-02-20 14:08:16,442] - [edu.hcu.pagination.RestServicesTest$$anon$1] Request id 1
[34m[INFO][0;39m - [2019-02-20 14:08:16,494] - [edu.hcu.pagination.RestServicesTest$$anon$1] All pdf data...
[34m[INFO][0;39m - [2019-02-20 14:08:16,500] - [edu.hcu.pagination.RestServicesTest$$anon$1] All pdf data...
[34m[INFO][0;39m - [2019-02-20 14:12:02,368] - [edu.hcu.pagination.RestServicesTest$$anon$1] Request Json {"content":"This is test case data","time":"11 AM"}
[34m[INFO][0;39m - [2019-02-20 14:12:03,180] - [edu.hcu.pagination.RestServicesTest$$anon$1] Request Json {"content":"This content is for update test case","time":"12 AM","id": 1}
[34m[INFO][0;39m - [2019-02-20 14:12:03,231] - [edu.hcu.pagination.RestServicesTest$$anon$1] Request id 1
[34m[INFO][0;39m - [2019-02-20 14:12:03,296] - [edu.hcu.pagination.RestServicesTest$$anon$1] All pdf data...
[34m[INFO][0;39m - [2019-02-20 14:12:03,305] - [edu.hcu.pagination.RestServicesTest$$anon$1] All pdf data...
[34m[INFO][0;39m - [2019-02-20 14:16:52,513] - [edu.hcu.pagination.RestServicesTest$$anon$1] Request Json {"content":"This is test case data","time":"11 AM"}
[34m[INFO][0;39m - [2019-02-20 14:16:53,248] - [edu.hcu.pagination.RestServicesTest$$anon$1] Request Json {"content":"This content is for update test case","time":"12 AM","id": 1}
[34m[INFO][0;39m - [2019-02-20 14:16:53,289] - [edu.hcu.pagination.RestServicesTest$$anon$1] Request id 1
[34m[INFO][0;39m - [2019-02-20 14:16:53,336] - [edu.hcu.pagination.RestServicesTest$$anon$1] All pdf data...
[34m[INFO][0;39m - [2019-02-20 14:16:53,348] - [edu.hcu.pagination.RestServicesTest$$anon$1] All pdf data...
[34m[INFO][0;39m - [2019-02-20 14:26:08,122] - [edu.hcu.pagination.RestServicesTest$$anon$1] Request Json {"content":"This is test case data","time":"11 AM"}
[34m[INFO][0;39m - [2019-02-20 14:26:09,028] - [edu.hcu.pagination.RestServicesTest$$anon$1] Request Json {"content":"This content is for update test case","time":"12 AM","id": 1}
[34m[INFO][0;39m - [2019-02-20 14:26:09,072] - [edu.hcu.pagination.RestServicesTest$$anon$1] Request id 1
[34m[INFO][0;39m - [2019-02-20 14:26:09,094] - [edu.hcu.pagination.RestServicesTest$$anon$1] All pdf data...
[34m[INFO][0;39m - [2019-02-20 14:27:28,693] - [edu.hcu.pagination.RestServicesTest$$anon$1] Request Json {"content":"This is test case data","time":"11 AM"}
[34m[INFO][0;39m - [2019-02-20 14:27:29,452] - [edu.hcu.pagination.RestServicesTest$$anon$1] Request Json {"content":"This content is for update test case","time":"12 AM","id": 1}
[34m[INFO][0;39m - [2019-02-20 14:27:29,500] - [edu.hcu.pagination.RestServicesTest$$anon$1] Request id 1
[34m[INFO][0;39m - [2019-02-20 14:27:29,553] - [edu.hcu.pagination.RestServicesTest$$anon$1] All pdf data...
[34m[INFO][0;39m - [2019-02-20 14:27:29,586] - [edu.hcu.pagination.RestServicesTest$$anon$1] Get Pdf Pages
[34m[INFO][0;39m - [2019-02-20 14:32:19,170] - [edu.hcu.pagination.RestServicesTest$$anon$1] Request Json {"content":"This is test case data","time":"11 AM"}
[34m[INFO][0;39m - [2019-02-20 14:32:20,002] - [edu.hcu.pagination.RestServicesTest$$anon$1] Request Json {"content":"This content is for update test case","time":"12 AM","id": 1}
[34m[INFO][0;39m - [2019-02-20 14:32:20,041] - [edu.hcu.pagination.RestServicesTest$$anon$1] Request id 1
[34m[INFO][0;39m - [2019-02-20 14:32:20,067] - [edu.hcu.pagination.RestServicesTest$$anon$1] Request id 4
[34m[INFO][0;39m - [2019-02-20 14:32:20,077] - [edu.hcu.pagination.RestServicesTest$$anon$1] All pdf data...
[34m[INFO][0;39m - [2019-02-20 14:32:20,105] - [edu.hcu.pagination.RestServicesTest$$anon$1] Get Pdf Pages
[34m[INFO][0;39m - [2019-02-20 14:33:32,358] - [edu.hcu.pagination.RestServicesTest$$anon$1] Request Json {"content":"This is test case data","time":"11 AM"}
[34m[INFO][0;39m - [2019-02-20 14:33:33,176] - [edu.hcu.pagination.RestServicesTest$$anon$1] Request Json {"content":"This content is for update test case","time":"12 AM","id": 1}
[34m[INFO][0;39m - [2019-02-20 14:33:33,213] - [edu.hcu.pagination.RestServicesTest$$anon$1] Request id 1
[34m[INFO][0;39m - [2019-02-20 14:33:33,245] - [edu.hcu.pagination.RestServicesTest$$anon$1] Request id 4
[34m[INFO][0;39m - [2019-02-20 14:33:33,276] - [edu.hcu.pagination.RestServicesTest$$anon$1] All pdf data...
[34m[INFO][0;39m - [2019-02-20 14:33:33,299] - [edu.hcu.pagination.RestServicesTest$$anon$1] Get Pdf Pages
